[harshitanahata2021.wixsite.com/electric-vehicle.html]
[static.parastorage.com/unpkg/core-js-bundle@3.2.1/minified.js]
[static.parastorage.com/unpkg/focus-within-polyfill@5.0.9/dist/focus-within-polyfill.js]
[backblue.gif]
[fade.gif]
[index.html]
[polyfill.io/v3/polyfill.mind82c.js]
[static.parastorage.com/services/editor-elements-library/dist/thunderbolt/media/sloppyframe.d2412ec4.png]
[harshitanahata2021.wixsite.com/index.html]
[harshitanahata2021.wixsite.com/electric-vehicle/cart-page.html]
[harshitanahata2021.wixsite.com/electric-vehicle/new-inventory.html]
[harshitanahata2021.wixsite.com/electric-vehicle/pre-owned.html]
[harshitanahata2021.wixsite.com/electric-vehicle/financing.html]
[harshitanahata2021.wixsite.com/electric-vehicle/plans-pricing.html]
[harshitanahata2021.wixsite.com/electric-vehicle/category/all-products.html]
[harshitanahata2021.wixsite.com/electric-vehicle/menus.html]
[harshitanahata2021.wixsite.com/electric-vehicle/challenges.html]
[static.wixstatic.com/media/548a7f_af781423940d4b40b5d984ef5ac767db.jpg/v1/fill/w_147,h_92,al_c,q_80,usm_0.66_1.00_0.01,blur_2,enc_auto/548a7f_af781423940d4b40b5d984ef5ac767db.jpg]
[static.wixstatic.com/media/84770f_21436a37a58b4b659ef35d386df704a3_mv2.png/v1/fill/w_115,h_115,al_c,q_85,usm_0.66_1.00_0.01,blur_3,enc_auto/1.png]
[static.wixstatic.com/media/84770f_fc963f487b3e4b98a568bfb604b9fb1b_mv2.png/v1/fill/w_115,h_115,al_c,q_85,usm_0.66_1.00_0.01,blur_3,enc_auto/2.png]
[static.wixstatic.com/media/84770f_d2d1a690294748ceb2a7cce0014f8198_mv2.png/v1/fill/w_115,h_115,al_c,q_85,usm_0.66_1.00_0.01,blur_3,enc_auto/3.png]
[static.wixstatic.com/media/84770f_2102d0b28a6a491ba1a0b41bffbbeeb4_mv2.png/v1/fill/w_115,h_115,al_c,q_85,usm_0.66_1.00_0.01,blur_3,enc_auto/4.png]
[static.wixstatic.com/media/84770f_8b12e178b797460e8a5eea751818ef9a_mv2.png/v1/fill/w_115,h_115,al_c,q_85,usm_0.66_1.00_0.01,blur_3,enc_auto/5.png]
[harshitanahata2021.wixsite.com/media/emptystate.85a4add5.13.delayed]
[static.wixstatic.com/media/84770f_8fc40de86bb04324ad11377ed4286d5a_mv2.jpg/v1/fill/w_307,h_230,q_90/84770f_8fc40de86bb04324ad11377ed4286d5a_mv2.jpg]
[static.wixstatic.com/media/84770f_fae20a27907247a9a892cc5a60668c79_mv2.jpg/v1/fill/w_307,h_230,q_90/84770f_fae20a27907247a9a892cc5a60668c79_mv2.jpg]
[static.wixstatic.com/media/84770f_570f47d4964545c98e94fae494c4f2b7_mv2.jpg/v1/fill/w_306,h_230,q_90/84770f_570f47d4964545c98e94fae494c4f2b7_mv2.jpg]
[static.wixstatic.com/media/84770f_570f47d4964545c98e94fae494c4f2b7_mv2.jpg/v1/fill/w_307,h_230,q_90/84770f_570f47d4964545c98e94fae494c4f2b7_mv2.jpg]
[static.wixstatic.com/media/548a7f_dd830efd28744ea5bedf73697df6ae41.gif]
[static.wixstatic.com/media/548a7f_fbb07d3fdae947de80b4f07ab5ed96ff.gif]
[static.wixstatic.com/media/548a7f_dece80c121f9407896aded8b1a82ba90.gif]
[static.wixstatic.com/media/548a7f_3cb8f7126a3e45a48be7deaa1ef6a2a8.gif]
[static.wixstatic.com/media/548a7f_5429fc469c254739aee37fd14e708bed.gif]
[static.wixstatic.com/media/548a7f_da86138aea5e4ae9bb71623ba4bc6958.jpg/v1/fill/w_133,h_88,al_c,q_80,usm_0.66_1.00_0.01,blur_2,enc_auto/548a7f_da86138aea5e4ae9bb71623ba4bc6958.jpg]
[browser.sentry-cdn.com/6.18.2/bundle.min.js]
[harshitanahata2021.wixsite.com/sitemap.1f.delayed]
[harshitanahata2021.wixsite.com/feed.20.delayed]
[harshitanahata2021.wixsite.com/${n.21.delayed]
[static.parastorage.com/services/wix-thunderbolt/dist/thunderbolt-commons.024d6735.bundle.min.js]
[static.parastorage.com/services/wix-thunderbolt/dist/main.67e1648d.bundle.min.js]
[static.parastorage.com/unpkg/lodash@4.17.21/lodash.min.js]
[static.parastorage.com/unpkg/react@16.14.0/umd/react.production.min.js]
[static.parastorage.com/unpkg/react-dom@16.14.0/umd/react-dom.production.min.js]
[harshitanahata2021.wixsite.com/decodeURIComponent(e.27.delayed]
[static.parastorage.com/services/tag-manager-client/1.705.0/siteTags.bundle.min.js]
[harshitanahata2021.wixsite.com/electric-vehicle.html]
[harshitanahata2021.wixsite.com/index.html]
[static.parastorage.com/services/wix-perf-measure/1.1058.0/wix-perf-measure.umd.min.js]
[harshitanahata2021.wixsite.com/electric-vehicle/robots.2a.delayed]
[harshitanahata2021.wixsite.com/electric-vehicle/sitemap.xml]
[harshitanahata2021.wixsite.com/electric-vehicle/feed.2c.delayed]
[harshitanahata2021.wixsite.com/electric-vehicle/${n.2d.delayed]
[harshitanahata2021.wixsite.com/electric-vehicle/decodeURIComponent(e.2e.delayed]
[harshitanahata2021.wixsite.com/electric-vehicle/cart-page.html]
[static.wixstatic.com/media/548a7f_0ed4e9a8699643c2b6d27de738532f47.jpg/v1/fill/w_100,h_62,al_c,q_80,usm_0.66_1.00_0.01,blur_2,enc_auto/548a7f_0ed4e9a8699643c2b6d27de738532f47.jpg]
[harshitanahata2021.wixsite.com/electric-vehicle/media/emptystate.85a4add5.30.delayed]
[harshitanahata2021.wixsite.com/electric-vehicle/new-inventory.html]
[static.parastorage.com/services/wix-thunderbolt/dist/main.16ce765f.bundle.min.js]
[static.wixstatic.com/media/548a7f_34163ad1a8274771bb6513a513ff22e8.jpg/v1/fill/w_93,h_62,al_c,q_80,usm_0.66_1.00_0.01,blur_2,enc_auto/548a7f_34163ad1a8274771bb6513a513ff22e8.jpg]
[harshitanahata2021.wixsite.com/electric-vehicle/pre-owned.html]
[static.wixstatic.com/media/548a7f_658a8daed2714200abe5ce17cd7a141f.jpg/v1/fill/w_94,h_62,al_c,q_80,usm_0.66_1.00_0.01,blur_2,enc_auto/548a7f_658a8daed2714200abe5ce17cd7a141f.png]
[static.wixstatic.com/media/548a7f_bba67850940946b9927dd183eb598361.png/v1/fill/w_85,h_89,al_c,q_85,usm_0.66_1.00_0.01,enc_auto/548a7f_bba67850940946b9927dd183eb598361.png]
[static.wixstatic.com/media/548a7f_dd38d987ebf94ab4ad5e299ec6bf8712.png/v1/fill/w_56,h_65,al_c,q_85,usm_0.66_1.00_0.01,enc_auto/548a7f_dd38d987ebf94ab4ad5e299ec6bf8712.png]
[static.wixstatic.com/media/548a7f_a0848847eab54a9e830ddf6bde6615d5.png/v1/fill/w_69,h_57,al_c,q_85,usm_0.66_1.00_0.01,enc_auto/548a7f_a0848847eab54a9e830ddf6bde6615d5.png]
[static.wixstatic.com/media/548a7f_ee05e10de5cf4125b51ea83a1322748a.jpg/v1/fill/w_117,h_78,al_c,q_80,usm_0.66_1.00_0.01,blur_2,enc_auto/548a7f_ee05e10de5cf4125b51ea83a1322748a.jpg]
[harshitanahata2021.wixsite.com/electric-vehicle/financing.html]
[static.wixstatic.com/media/22e53e_ef2ebbf33af24b7fba34e44589f3dc38_mv2.jpg/v1/fill/w_147,h_107,al_c,q_80,usm_0.66_1.00_0.01,blur_2,enc_auto/22e53e_ef2ebbf33af24b7fba34e44589f3dc38_mv2.jpg]
[static.wixstatic.com/media/22e53e_2fee033b2eca46cab4eec7fa74e99c31_mv2.jpg/v1/fill/w_147,h_147,al_c,q_80,usm_0.66_1.00_0.01,blur_2,enc_auto/22e53e_2fee033b2eca46cab4eec7fa74e99c31_mv2.jpg]
[static.wixstatic.com/media/22e53e_422c96a46cfd4873b36279bc94bf5bd4_mv2.jpg/v1/fill/w_147,h_147,al_c,q_80,usm_0.66_1.00_0.01,blur_2,enc_auto/22e53e_422c96a46cfd4873b36279bc94bf5bd4_mv2.jpg]
[harshitanahata2021.wixsite.com/electric-vehicle/product-page/i-m-a-product.html]
[static.wixstatic.com/media/22e53e_efc1552d8050407f82ea158302d0debd_mv2.jpg/v1/fill/w_147,h_147,al_c,q_80,usm_0.66_1.00_0.01,blur_2,enc_auto/22e53e_efc1552d8050407f82ea158302d0debd_mv2.jpg]
[static.wixstatic.com/media/22e53e_facaef011f164e1fb98efad96d8bc5ca_mv2.jpg/v1/fill/w_147,h_147,al_c,q_80,usm_0.66_1.00_0.01,blur_2,enc_auto/22e53e_facaef011f164e1fb98efad96d8bc5ca_mv2.jpg]
[harshitanahata2021.wixsite.com/electric-vehicle/product-page/i-m-a-product-1.html]
[static.wixstatic.com/media/22e53e_6818890490334e429d78876ba5f757ce_mv2.jpg/v1/fill/w_147,h_147,al_c,q_80,usm_0.66_1.00_0.01,blur_2,enc_auto/22e53e_6818890490334e429d78876ba5f757ce_mv2.jpg]
[harshitanahata2021.wixsite.com/electric-vehicle/product-page/i-m-a-product-2.html]
[static.wixstatic.com/media/22e53e_76457cb2289949808e94bb1627b485f1_mv2.jpg/v1/fill/w_147,h_147,al_c,q_80,usm_0.66_1.00_0.01,blur_2,enc_auto/22e53e_76457cb2289949808e94bb1627b485f1_mv2.jpg]
[static.wixstatic.com/media/22e53e_01575d792adb43a6a16595bd74a1cc8d_mv2.jpg/v1/fill/w_147,h_147,al_c,q_80,usm_0.66_1.00_0.01,blur_2,enc_auto/22e53e_01575d792adb43a6a16595bd74a1cc8d_mv2.jpg]
[static.wixstatic.com/media/22e53e_dc9ea8282a4944edab558992753a6d72_mv2.jpg/v1/fill/w_147,h_147,al_c,q_80,usm_0.66_1.00_0.01,blur_2,enc_auto/22e53e_dc9ea8282a4944edab558992753a6d72_mv2.jpg]
[harshitanahata2021.wixsite.com/electric-vehicle/product-page/i-m-a-product-3.html]
[static.wixstatic.com/media/22e53e_e1b7b337b97b4dd3bb9ed68e2598dc61_mv2.jpg/v1/fill/w_147,h_147,al_c,q_80,usm_0.66_1.00_0.01,blur_2,enc_auto/22e53e_e1b7b337b97b4dd3bb9ed68e2598dc61_mv2.jpg]
[harshitanahata2021.wixsite.com/electric-vehicle/product-page/i-m-a-product-4.html]
[static.wixstatic.com/media/22e53e_ec22d9d4c6044e1eb996b4c86dd6af2b_mv2.jpg/v1/fill/w_147,h_147,al_c,q_80,usm_0.66_1.00_0.01,blur_2,enc_auto/22e53e_ec22d9d4c6044e1eb996b4c86dd6af2b_mv2.jpg]
[static.wixstatic.com/media/22e53e_b53f9a53db034e178a3f2d794ae70f1c_mv2.jpg/v1/fill/w_147,h_147,al_c,q_80,usm_0.66_1.00_0.01,blur_2,enc_auto/22e53e_b53f9a53db034e178a3f2d794ae70f1c_mv2.jpg]
[harshitanahata2021.wixsite.com/electric-vehicle/product-page/i-m-a-product-5.html]
[static.wixstatic.com/media/22e53e_6d297acebd3b4b2890f1a0e92b8a7158_mv2.jpg/v1/fill/w_147,h_147,al_c,q_80,usm_0.66_1.00_0.01,blur_2,enc_auto/22e53e_6d297acebd3b4b2890f1a0e92b8a7158_mv2.jpg]
[static.wixstatic.com/media/22e53e_4f99aa57e6a04e6dbcdbfe474fc1654f_mv2.jpg/v1/fill/w_147,h_147,al_c,q_80,usm_0.66_1.00_0.01,blur_2,enc_auto/22e53e_4f99aa57e6a04e6dbcdbfe474fc1654f_mv2.jpg]
[harshitanahata2021.wixsite.com/electric-vehicle/product-page/i-m-a-product-6.html]
[static.wixstatic.com/media/22e53e_58f292496eec45eea41b21308739ae1c_mv2.jpg/v1/fill/w_147,h_147,al_c,q_80,usm_0.66_1.00_0.01,blur_2,enc_auto/22e53e_58f292496eec45eea41b21308739ae1c_mv2.jpg]
[static.wixstatic.com/media/22e53e_7066c7318bb34be38d3a4f2e3a256021_mv2.jpg/v1/fill/w_147,h_147,al_c,q_80,usm_0.66_1.00_0.01,blur_2,enc_auto/22e53e_7066c7318bb34be38d3a4f2e3a256021_mv2.jpg]
[harshitanahata2021.wixsite.com/electric-vehicle/product-page/i-m-a-product-7.html]
[static.wixstatic.com/media/22e53e_f2d6c005d04646fd8bed4cffbca35c1e_mv2.jpg/v1/fill/w_147,h_147,al_c,q_80,usm_0.66_1.00_0.01,blur_2,enc_auto/22e53e_f2d6c005d04646fd8bed4cffbca35c1e_mv2.jpg]
[static.wixstatic.com/media/22e53e_1ede4ec9bbed46e4bad5859763fb4176_mv2.jpg/v1/fill/w_147,h_147,al_c,q_80,usm_0.66_1.00_0.01,blur_2,enc_auto/22e53e_1ede4ec9bbed46e4bad5859763fb4176_mv2.jpg]
[harshitanahata2021.wixsite.com/electric-vehicle/product-page/i-m-a-product-8.html]
[static.wixstatic.com/media/22e53e_a5d9116384fb4659918c011a75175f77_mv2.jpg/v1/fill/w_147,h_147,al_c,q_80,usm_0.66_1.00_0.01,blur_2,enc_auto/22e53e_a5d9116384fb4659918c011a75175f77_mv2.jpg]
[static.wixstatic.com/media/22e53e_1addd1e1b4c64c9abd47dbc5f36d4b01_mv2.jpg/v1/fill/w_147,h_147,al_c,q_80,usm_0.66_1.00_0.01,blur_2,enc_auto/22e53e_1addd1e1b4c64c9abd47dbc5f36d4b01_mv2.jpg]
[static.wixstatic.com/media/22e53e_fcd691909a3742938a8cfa05c1cd2b0a_mv2.jpg/v1/fill/w_147,h_147,al_c,q_80,usm_0.66_1.00_0.01,blur_2,enc_auto/22e53e_fcd691909a3742938a8cfa05c1cd2b0a_mv2.jpg]
[harshitanahata2021.wixsite.com/electric-vehicle/product-page/i-m-a-product-9.html]
[static.wixstatic.com/media/22e53e_4a271c0887d34ec6be04a8f3c870b869_mv2.jpg/v1/fill/w_147,h_147,al_c,q_80,usm_0.66_1.00_0.01,blur_2,enc_auto/22e53e_4a271c0887d34ec6be04a8f3c870b869_mv2.jpg]
[static.wixstatic.com/media/22e53e_924a086d18674cf281197d72d47207c1_mv2.jpg/v1/fill/w_147,h_147,al_c,q_80,usm_0.66_1.00_0.01,blur_2,enc_auto/22e53e_924a086d18674cf281197d72d47207c1_mv2.jpg]
[harshitanahata2021.wixsite.com/electric-vehicle/product-page/i-m-a-product-10.html]
[static.wixstatic.com/media/22e53e_8adb0d7018b047e0a998acf987fd3fd6_mv2.jpg/v1/fill/w_147,h_147,al_c,q_80,usm_0.66_1.00_0.01,blur_2,enc_auto/22e53e_8adb0d7018b047e0a998acf987fd3fd6_mv2.jpg]
[harshitanahata2021.wixsite.com/electric-vehicle/product-page/i-m-a-product-11.html]
[static.wixstatic.com/media/22e53e_4092f4f0f4d844afaed1cfde3069a6da_mv2.jpg/v1/fill/w_147,h_147,al_c,q_80,usm_0.66_1.00_0.01,blur_2,enc_auto/22e53e_4092f4f0f4d844afaed1cfde3069a6da_mv2.jpg]
[harshitanahata2021.wixsite.com/electric-vehicle/category/sitemap.5e.delayed]
[harshitanahata2021.wixsite.com/electric-vehicle/category/robots.html]
[harshitanahata2021.wixsite.com/electric-vehicle/category/feed.5f.delayed]
[harshitanahata2021.wixsite.com/electric-vehicle/category/${n.html]
[harshitanahata2021.wixsite.com/electric-vehicle/category/all-products.html]
[harshitanahata2021.wixsite.com/electric-vehicle/category/decodeURIComponent(e.html]
[static.parastorage.com/services/pricing-plans-tpa/1.3131.0/client-viewer/2781.chunk.min.js]
[static.parastorage.com/services/pricing-plans-tpa/1.3131.0/client-viewer/4404.chunk.min.js]
[static.parastorage.com/services/pricing-plans-tpa/1.3131.0/client-viewer/974.chunk.min.js]
[static.parastorage.com/services/pricing-plans-tpa/1.3131.0/client-viewer/Widget.chunk.min.js]
[harshitanahata2021.wixsite.com/electric-vehicle/plans-pricing.html]
[static.parastorage.com/services/pricing-plans-tpa/1.3131.0/client-viewer/List.chunk.min.js]
[static.parastorage.com/services/challenges-web-ooi/1.2168.1003/client-viewer/EmptyList-EmptyList.chunk.min.js]
[harshitanahata2021.wixsite.com/electric-vehicle/challenges.html]
[harshitanahata2021.wixsite.com/electric-vehicle/menus.html]
[harshitanahata2021.wixsite.com/media/emptystate.85a4add5.html]
[harshitanahata2021.wixsite.com/sitemap.html]
[harshitanahata2021.wixsite.com/feed.html]
[harshitanahata2021.wixsite.com/${n.html]
[harshitanahata2021.wixsite.com/decodeURIComponent(e.html]
[harshitanahata2021.wixsite.com/electric-vehicle/robots.html]
[harshitanahata2021.wixsite.com/electric-vehicle/feed.html]
[harshitanahata2021.wixsite.com/electric-vehicle/${n.html]
[harshitanahata2021.wixsite.com/electric-vehicle/decodeURIComponent(e.html]
[harshitanahata2021.wixsite.com/electric-vehicle/media/emptystate.85a4add5.html]
[static.wixstatic.com/media/22e53e_2fee033b2eca46cab4eec7fa74e99c31_mv2.jpg/v1/fill/w_996,h_996,al_c,q_85,usm_0.66_1.00_0.01/22e53e_2fee033b2eca46cab4eec7fa74e99c31_mv2.jpg]
[static.wixstatic.com/media/22e53e_422c96a46cfd4873b36279bc94bf5bd4_mv2.jpg/v1/fill/w_996,h_996,al_c,q_85,usm_0.66_1.00_0.01/22e53e_422c96a46cfd4873b36279bc94bf5bd4_mv2.jpg]
[static.wixstatic.com/media/22e53e_2fee033b2eca46cab4eec7fa74e99c31_mv2.jpg/v1/fill/w_45,h_45,al_c,q_50,usm_0.66_1.00_0.01/22e53e_2fee033b2eca46cab4eec7fa74e99c31_mv2.jpg]
[static.wixstatic.com/media/22e53e_422c96a46cfd4873b36279bc94bf5bd4_mv2.jpg/v1/fill/w_45,h_45,al_c,q_50,usm_0.66_1.00_0.01/22e53e_422c96a46cfd4873b36279bc94bf5bd4_mv2.jpg]
[harshitanahata2021.wixsite.com/electric-vehicle/home.html]
[harshitanahata2021.wixsite.com/electric-vehicle/product-page/sitemap.6e.delayed]
[harshitanahata2021.wixsite.com/electric-vehicle/product-page/robots.html]
[harshitanahata2021.wixsite.com/electric-vehicle/product-page/feed.6f.delayed]
[harshitanahata2021.wixsite.com/electric-vehicle/product-page/${n.html]
[harshitanahata2021.wixsite.com/electric-vehicle/product-page/i-m-a-product.html]
[harshitanahata2021.wixsite.com/electric-vehicle/product-page/decodeURIComponent(e.html]
[static.wixstatic.com/media/22e53e_efc1552d8050407f82ea158302d0debd_mv2.jpg/v1/fill/w_996,h_996,al_c,q_85,usm_0.66_1.00_0.01/22e53e_efc1552d8050407f82ea158302d0debd_mv2.jpg]
[static.wixstatic.com/media/22e53e_facaef011f164e1fb98efad96d8bc5ca_mv2.jpg/v1/fill/w_996,h_996,al_c,q_85,usm_0.66_1.00_0.01/22e53e_facaef011f164e1fb98efad96d8bc5ca_mv2.jpg]
[static.wixstatic.com/media/22e53e_c9bafb2ad1424aff97c33ef56eaca801_mv2.jpg/v1/fill/w_996,h_996,al_c,q_85,usm_0.66_1.00_0.01/22e53e_c9bafb2ad1424aff97c33ef56eaca801_mv2.jpg]
[static.wixstatic.com/media/22e53e_efc1552d8050407f82ea158302d0debd_mv2.jpg/v1/fill/w_45,h_45,al_c,q_50,usm_0.66_1.00_0.01/22e53e_efc1552d8050407f82ea158302d0debd_mv2.jpg]
[static.wixstatic.com/media/22e53e_facaef011f164e1fb98efad96d8bc5ca_mv2.jpg/v1/fill/w_45,h_45,al_c,q_50,usm_0.66_1.00_0.01/22e53e_facaef011f164e1fb98efad96d8bc5ca_mv2.jpg]
[static.wixstatic.com/media/22e53e_c9bafb2ad1424aff97c33ef56eaca801_mv2.jpg/v1/fill/w_45,h_45,al_c,q_50,usm_0.66_1.00_0.01/22e53e_c9bafb2ad1424aff97c33ef56eaca801_mv2.jpg]
[harshitanahata2021.wixsite.com/electric-vehicle/product-page/i-m-a-product-1.html]
[static.wixstatic.com/media/22e53e_6818890490334e429d78876ba5f757ce_mv2.jpg/v1/fill/w_996,h_996,al_c,q_85,usm_0.66_1.00_0.01/22e53e_6818890490334e429d78876ba5f757ce_mv2.jpg]
[static.wixstatic.com/media/22e53e_76457cb2289949808e94bb1627b485f1_mv2.jpg/v1/fill/w_996,h_996,al_c,q_85,usm_0.66_1.00_0.01/22e53e_76457cb2289949808e94bb1627b485f1_mv2.jpg]
[static.wixstatic.com/media/22e53e_6818890490334e429d78876ba5f757ce_mv2.jpg/v1/fill/w_45,h_45,al_c,q_50,usm_0.66_1.00_0.01/22e53e_6818890490334e429d78876ba5f757ce_mv2.jpg]
[static.wixstatic.com/media/22e53e_76457cb2289949808e94bb1627b485f1_mv2.jpg/v1/fill/w_45,h_45,al_c,q_50,usm_0.66_1.00_0.01/22e53e_76457cb2289949808e94bb1627b485f1_mv2.jpg]
[harshitanahata2021.wixsite.com/electric-vehicle/product-page/i-m-a-product-2.html]
[static.wixstatic.com/media/22e53e_01575d792adb43a6a16595bd74a1cc8d_mv2.jpg/v1/fill/w_996,h_996,al_c,q_85,usm_0.66_1.00_0.01/22e53e_01575d792adb43a6a16595bd74a1cc8d_mv2.jpg]
[static.wixstatic.com/media/22e53e_dc9ea8282a4944edab558992753a6d72_mv2.jpg/v1/fill/w_996,h_996,al_c,q_85,usm_0.66_1.00_0.01/22e53e_dc9ea8282a4944edab558992753a6d72_mv2.jpg]
[static.wixstatic.com/media/22e53e_01575d792adb43a6a16595bd74a1cc8d_mv2.jpg/v1/fill/w_45,h_45,al_c,q_50,usm_0.66_1.00_0.01/22e53e_01575d792adb43a6a16595bd74a1cc8d_mv2.jpg]
[static.wixstatic.com/media/22e53e_dc9ea8282a4944edab558992753a6d72_mv2.jpg/v1/fill/w_45,h_45,al_c,q_50,usm_0.66_1.00_0.01/22e53e_dc9ea8282a4944edab558992753a6d72_mv2.jpg]
[harshitanahata2021.wixsite.com/electric-vehicle/product-page/i-m-a-product-3.html]
[static.wixstatic.com/media/22e53e_e1b7b337b97b4dd3bb9ed68e2598dc61_mv2.jpg/v1/fill/w_996,h_996,al_c,q_85,usm_0.66_1.00_0.01/22e53e_e1b7b337b97b4dd3bb9ed68e2598dc61_mv2.jpg]
[static.wixstatic.com/media/22e53e_ec22d9d4c6044e1eb996b4c86dd6af2b_mv2.jpg/v1/fill/w_996,h_996,al_c,q_85,usm_0.66_1.00_0.01/22e53e_ec22d9d4c6044e1eb996b4c86dd6af2b_mv2.jpg]
[static.wixstatic.com/media/22e53e_e1b7b337b97b4dd3bb9ed68e2598dc61_mv2.jpg/v1/fill/w_45,h_45,al_c,q_50,usm_0.66_1.00_0.01/22e53e_e1b7b337b97b4dd3bb9ed68e2598dc61_mv2.jpg]
[static.wixstatic.com/media/22e53e_ec22d9d4c6044e1eb996b4c86dd6af2b_mv2.jpg/v1/fill/w_45,h_45,al_c,q_50,usm_0.66_1.00_0.01/22e53e_ec22d9d4c6044e1eb996b4c86dd6af2b_mv2.jpg]
[harshitanahata2021.wixsite.com/electric-vehicle/product-page/i-m-a-product-4.html]
[static.wixstatic.com/media/22e53e_b53f9a53db034e178a3f2d794ae70f1c_mv2.jpg/v1/fill/w_996,h_996,al_c,q_85,usm_0.66_1.00_0.01/22e53e_b53f9a53db034e178a3f2d794ae70f1c_mv2.jpg]
[static.wixstatic.com/media/22e53e_6d297acebd3b4b2890f1a0e92b8a7158_mv2.jpg/v1/fill/w_996,h_996,al_c,q_85,usm_0.66_1.00_0.01/22e53e_6d297acebd3b4b2890f1a0e92b8a7158_mv2.jpg]
[static.wixstatic.com/media/22e53e_b53f9a53db034e178a3f2d794ae70f1c_mv2.jpg/v1/fill/w_45,h_45,al_c,q_50,usm_0.66_1.00_0.01/22e53e_b53f9a53db034e178a3f2d794ae70f1c_mv2.jpg]
[static.wixstatic.com/media/22e53e_6d297acebd3b4b2890f1a0e92b8a7158_mv2.jpg/v1/fill/w_45,h_45,al_c,q_50,usm_0.66_1.00_0.01/22e53e_6d297acebd3b4b2890f1a0e92b8a7158_mv2.jpg]
[harshitanahata2021.wixsite.com/electric-vehicle/product-page/i-m-a-product-5.html]
[static.wixstatic.com/media/22e53e_4f99aa57e6a04e6dbcdbfe474fc1654f_mv2.jpg/v1/fill/w_996,h_996,al_c,q_85,usm_0.66_1.00_0.01/22e53e_4f99aa57e6a04e6dbcdbfe474fc1654f_mv2.jpg]
[static.wixstatic.com/media/22e53e_58f292496eec45eea41b21308739ae1c_mv2.jpg/v1/fill/w_996,h_996,al_c,q_85,usm_0.66_1.00_0.01/22e53e_58f292496eec45eea41b21308739ae1c_mv2.jpg]
[static.wixstatic.com/media/22e53e_4f99aa57e6a04e6dbcdbfe474fc1654f_mv2.jpg/v1/fill/w_45,h_45,al_c,q_50,usm_0.66_1.00_0.01/22e53e_4f99aa57e6a04e6dbcdbfe474fc1654f_mv2.jpg]
[static.wixstatic.com/media/22e53e_58f292496eec45eea41b21308739ae1c_mv2.jpg/v1/fill/w_45,h_45,al_c,q_50,usm_0.66_1.00_0.01/22e53e_58f292496eec45eea41b21308739ae1c_mv2.jpg]
[harshitanahata2021.wixsite.com/electric-vehicle/product-page/i-m-a-product-6.html]
[static.wixstatic.com/media/22e53e_7066c7318bb34be38d3a4f2e3a256021_mv2.jpg/v1/fill/w_996,h_996,al_c,q_85,usm_0.66_1.00_0.01/22e53e_7066c7318bb34be38d3a4f2e3a256021_mv2.jpg]
[static.wixstatic.com/media/22e53e_f2d6c005d04646fd8bed4cffbca35c1e_mv2.jpg/v1/fill/w_996,h_996,al_c,q_85,usm_0.66_1.00_0.01/22e53e_f2d6c005d04646fd8bed4cffbca35c1e_mv2.jpg]
[static.wixstatic.com/media/22e53e_7066c7318bb34be38d3a4f2e3a256021_mv2.jpg/v1/fill/w_45,h_45,al_c,q_50,usm_0.66_1.00_0.01/22e53e_7066c7318bb34be38d3a4f2e3a256021_mv2.jpg]
[static.wixstatic.com/media/22e53e_f2d6c005d04646fd8bed4cffbca35c1e_mv2.jpg/v1/fill/w_45,h_45,al_c,q_50,usm_0.66_1.00_0.01/22e53e_f2d6c005d04646fd8bed4cffbca35c1e_mv2.jpg]
[harshitanahata2021.wixsite.com/electric-vehicle/product-page/i-m-a-product-7.html]
[static.wixstatic.com/media/22e53e_1ede4ec9bbed46e4bad5859763fb4176_mv2.jpg/v1/fill/w_996,h_996,al_c,q_85,usm_0.66_1.00_0.01/22e53e_1ede4ec9bbed46e4bad5859763fb4176_mv2.jpg]
[static.wixstatic.com/media/22e53e_a5d9116384fb4659918c011a75175f77_mv2.jpg/v1/fill/w_996,h_996,al_c,q_85,usm_0.66_1.00_0.01/22e53e_a5d9116384fb4659918c011a75175f77_mv2.jpg]
[static.wixstatic.com/media/22e53e_1ede4ec9bbed46e4bad5859763fb4176_mv2.jpg/v1/fill/w_45,h_45,al_c,q_50,usm_0.66_1.00_0.01/22e53e_1ede4ec9bbed46e4bad5859763fb4176_mv2.jpg]
[static.wixstatic.com/media/22e53e_a5d9116384fb4659918c011a75175f77_mv2.jpg/v1/fill/w_45,h_45,al_c,q_50,usm_0.66_1.00_0.01/22e53e_a5d9116384fb4659918c011a75175f77_mv2.jpg]
[harshitanahata2021.wixsite.com/electric-vehicle/product-page/i-m-a-product-8.html]
[static.wixstatic.com/media/22e53e_1addd1e1b4c64c9abd47dbc5f36d4b01_mv2.jpg/v1/fill/w_996,h_996,al_c,q_85,usm_0.66_1.00_0.01/22e53e_1addd1e1b4c64c9abd47dbc5f36d4b01_mv2.jpg]
[static.wixstatic.com/media/22e53e_fcd691909a3742938a8cfa05c1cd2b0a_mv2.jpg/v1/fill/w_996,h_996,al_c,q_85,usm_0.66_1.00_0.01/22e53e_fcd691909a3742938a8cfa05c1cd2b0a_mv2.jpg]
[static.wixstatic.com/media/22e53e_1addd1e1b4c64c9abd47dbc5f36d4b01_mv2.jpg/v1/fill/w_45,h_45,al_c,q_50,usm_0.66_1.00_0.01/22e53e_1addd1e1b4c64c9abd47dbc5f36d4b01_mv2.jpg]
[static.wixstatic.com/media/22e53e_fcd691909a3742938a8cfa05c1cd2b0a_mv2.jpg/v1/fill/w_45,h_45,al_c,q_50,usm_0.66_1.00_0.01/22e53e_fcd691909a3742938a8cfa05c1cd2b0a_mv2.jpg]
[harshitanahata2021.wixsite.com/electric-vehicle/product-page/i-m-a-product-9.html]
[static.wixstatic.com/media/22e53e_4a271c0887d34ec6be04a8f3c870b869_mv2.jpg/v1/fill/w_996,h_996,al_c,q_85,usm_0.66_1.00_0.01/22e53e_4a271c0887d34ec6be04a8f3c870b869_mv2.jpg]
[static.wixstatic.com/media/22e53e_924a086d18674cf281197d72d47207c1_mv2.jpg/v1/fill/w_996,h_996,al_c,q_85,usm_0.66_1.00_0.01/22e53e_924a086d18674cf281197d72d47207c1_mv2.jpg]
[static.wixstatic.com/media/22e53e_4a271c0887d34ec6be04a8f3c870b869_mv2.jpg/v1/fill/w_45,h_45,al_c,q_50,usm_0.66_1.00_0.01/22e53e_4a271c0887d34ec6be04a8f3c870b869_mv2.jpg]
[static.wixstatic.com/media/22e53e_924a086d18674cf281197d72d47207c1_mv2.jpg/v1/fill/w_45,h_45,al_c,q_50,usm_0.66_1.00_0.01/22e53e_924a086d18674cf281197d72d47207c1_mv2.jpg]
[harshitanahata2021.wixsite.com/electric-vehicle/product-page/i-m-a-product-10.html]
[static.wixstatic.com/media/22e53e_8adb0d7018b047e0a998acf987fd3fd6_mv2.jpg/v1/fill/w_996,h_996,al_c,q_85,usm_0.66_1.00_0.01/22e53e_8adb0d7018b047e0a998acf987fd3fd6_mv2.jpg]
[static.wixstatic.com/media/22e53e_4092f4f0f4d844afaed1cfde3069a6da_mv2.jpg/v1/fill/w_996,h_996,al_c,q_85,usm_0.66_1.00_0.01/22e53e_4092f4f0f4d844afaed1cfde3069a6da_mv2.jpg]
[static.wixstatic.com/media/22e53e_8adb0d7018b047e0a998acf987fd3fd6_mv2.jpg/v1/fill/w_45,h_45,al_c,q_50,usm_0.66_1.00_0.01/22e53e_8adb0d7018b047e0a998acf987fd3fd6_mv2.jpg]
[static.wixstatic.com/media/22e53e_4092f4f0f4d844afaed1cfde3069a6da_mv2.jpg/v1/fill/w_45,h_45,al_c,q_50,usm_0.66_1.00_0.01/22e53e_4092f4f0f4d844afaed1cfde3069a6da_mv2.jpg]
[harshitanahata2021.wixsite.com/electric-vehicle/product-page/i-m-a-product-11.html]
[static.wixstatic.com/media/035244_516142e5fd21466aaf92b39e0883e66f_mv2.png/v1/crop/x_26,y_16,w_346,h_239/fill/w_339,h_235,al_c,q_85,usm_0.66_1.00_0.01,enc_auto/035244_516142e5fd21466aaf92b39e0883e66f_mv2.png]
[harshitanahata2021.wixsite.com/electric-vehicle/category/robots.html]
[harshitanahata2021.wixsite.com/electric-vehicle/category/sitemap.html]
[harshitanahata2021.wixsite.com/electric-vehicle/category/feed.html]
[harshitanahata2021.wixsite.com/electric-vehicle/category/${n.html]
[harshitanahata2021.wixsite.com/electric-vehicle/category/decodeURIComponent(e.html]
[harshitanahata2021.wixsite.com/electric-vehicle/home.html]
[harshitanahata2021.wixsite.com/electric-vehicle/product-page/robots.html]
[harshitanahata2021.wixsite.com/electric-vehicle/product-page/sitemap.html]
[harshitanahata2021.wixsite.com/electric-vehicle/product-page/feed.html]
[harshitanahata2021.wixsite.com/electric-vehicle/category/${n-2.html]
[harshitanahata2021.wixsite.com/electric-vehicle/product-page/${n.html]
[harshitanahata2021.wixsite.com/electric-vehicle/product-page/decodeURIComponent(e.html]
[harshitanahata2021.wixsite.com/electric-vehicle/category/${n-2.html]
[harshitanahata2021.wixsite.com/electric-vehicle/product-page/${n-2.html]
[harshitanahata2021.wixsite.com/electric-vehicle/product-page/${n-2.html]
